Using pre-set license
Built from '2020.3/china_unity/release' branch; Version is '2020.3.4f1c1 (3d27070cb163) revision 4007687'; Using compiler version '192528614'; Build Type 'Release'
OS: 'Windows 10 Pro; OS build 19042.985; Version 2009; 64bit' Language: 'zh' Physical Memory: 16252 MB
BatchMode: 1, IsHumanControllingUs: 0, StartBugReporterOnCrash: 0, Is64bit: 1, IsPro: 0

 COMMAND LINE ARGUMENTS:
D:\Software\Unity\Editor\Unity.exe
-adb2
-batchMode
-noUpm
-name
AssetImportWorker0
-projectPath
D:/Projects/ProjectAR/New Unity Project
-logFile
Logs/AssetImportWorker0.log
-srvPort
61394
Successfully changed project path to: D:/Projects/ProjectAR/New Unity Project
D:/Projects/ProjectAR/New Unity Project
Using Asset Import Pipeline V2.
Refreshing native plugins compatible for Editor in 26.30 ms, found 1 plugins.
Preloading 0 native plugins for Editor in 0.00 ms.
Initialize engine version: 2020.3.4f1c1 (3d27070cb163)
[Subsystems] Discovering subsystems at path D:/Software/Unity/Editor/Data/Resources/UnitySubsystems
[Subsystems] Discovering subsystems at path D:/Projects/ProjectAR/New Unity Project/Assets
GfxDevice: creating device client; threaded=0
Direct3D:
    Version:  Direct3D 11.0 [level 11.1]
    Renderer: NVIDIA GeForce MX250 (ID=0x1d13)
    Vendor:   
    VRAM:     1983 MB
    Driver:   27.21.14.5167
Initialize mono
Mono path[0] = 'D:/Software/Unity/Editor/Data/Managed'
Mono path[1] = 'D:/Software/Unity/Editor/Data/MonoBleedingEdge/lib/mono/unityjit'
Mono config path = 'D:/Software/Unity/Editor/Data/MonoBleedingEdge/etc'
Using monoOptions --debugger-agent=transport=dt_socket,embedding=1,server=y,suspend=n,address=127.0.0.1:56152
Begin MonoManager ReloadAssembly
Registering precompiled unity dll's ...
Register platform support module: D:/Software/Unity/Editor/Data/PlaybackEngines/WindowsStandaloneSupport/UnityEditor.WindowsStandalone.Extensions.dll
Registered in 0.000714 seconds.
Native extension for WindowsStandalone target not found
Refreshing native plugins compatible for Editor in 28.46 ms, found 1 plugins.
Preloading 0 native plugins for Editor in 0.00 ms.
Mono: successfully reloaded assembly
- Completed reload, in  0.631 seconds
Platform modules already initialized, skipping
Registering precompiled user dll's ...
Registered in 0.002367 seconds.
Begin MonoManager ReloadAssembly
Native extension for WindowsStandalone target not found
Refreshing native plugins compatible for Editor in 0.43 ms, found 1 plugins.
Preloading 0 native plugins for Editor in 0.00 ms.
Mono: successfully reloaded assembly
- Completed reload, in  0.935 seconds
Platform modules already initialized, skipping
========================================================================
Worker process is ready to serve import requests
Launched and connected shader compiler UnityShaderCompiler.exe after 0.06 seconds
Refreshing native plugins compatible for Editor in 0.36 ms, found 1 plugins.
Preloading 0 native plugins for Editor in 0.00 ms.
Unloading 1377 Unused Serialized files (Serialized files now loaded: 0)
System memory in use before: 78.4 MB.
System memory in use after: 78.4 MB.

Unloading 25 unused Assets to reduce memory usage. Loaded Objects now: 1830.
Total: 1.952700 ms (FindLiveObjects: 0.171500 ms CreateObjectMapping: 0.054300 ms MarkObjects: 1.634700 ms  DeleteObjects: 0.090900 ms)

========================================================================
Received Prepare
Refreshing native plugins compatible for Editor in 2.92 ms, found 1 plugins.
Preloading 0 native plugins for Editor in 0.00 ms.
Unloading 17 Unused Serialized files (Serialized files now loaded: 0)
System memory in use before: 51.1 MB.
System memory in use after: 51.2 MB.

Unloading 17 unused Assets to reduce memory usage. Loaded Objects now: 1830.
Total: 2.210500 ms (FindLiveObjects: 0.197100 ms CreateObjectMapping: 0.087400 ms MarkObjects: 1.901800 ms  DeleteObjects: 0.022700 ms)

========================================================================
Received Import Request.
  path: Assets/Scene/Main.unity
  artifactKey: Guid(ab7ad0d04cc56a048a82eae4f4c88b5e) Importer(815301076,1909f56bfc062723c751e8b465ee728b)
Start importing Assets/Scene/Main.unity using Guid(ab7ad0d04cc56a048a82eae4f4c88b5e) Importer(815301076,1909f56bfc062723c751e8b465ee728b)  -> (artifact id: '0034ae368c7ffe1721259b60290f8682') in 0.023391 seconds
  Import took 0.027038 seconds .

========================================================================
Received Prepare
Registering precompiled user dll's ...
Registered in 0.002270 seconds.
Begin MonoManager ReloadAssembly
Native extension for WindowsStandalone target not found
Refreshing native plugins compatible for Editor in 0.41 ms, found 1 plugins.
Preloading 0 native plugins for Editor in 0.00 ms.
Mono: successfully reloaded assembly
- Completed reload, in  0.791 seconds
Platform modules already initialized, skipping
Switching build target platform(5) subTarget(0) extendedPlatform(0) -> platform(13) subTarget(589824) extendedPlatform(0)
Refreshing native plugins compatible for Editor in 0.31 ms, found 1 plugins.
Preloading 0 native plugins for Editor in 0.00 ms.
Unloading 1373 Unused Serialized files (Serialized files now loaded: 0)
System memory in use before: 77.9 MB.
System memory in use after: 78.0 MB.

Unloading 19 unused Assets to reduce memory usage. Loaded Objects now: 1834.
Total: 1.735800 ms (FindLiveObjects: 0.199000 ms CreateObjectMapping: 0.042900 ms MarkObjects: 1.470400 ms  DeleteObjects: 0.021800 ms)

AssetImportParameters requested are different than current active one (requested -> active):
  custom:graphics/normal-map-encoding: 01000000000000000000000000000000 -> 02000000000000000000000000000000
========================================================================
Received Prepare
Registering precompiled user dll's ...
Registered in 0.001989 seconds.
Begin MonoManager ReloadAssembly
Native extension for WindowsStandalone target not found
Refreshing native plugins compatible for Editor in 0.34 ms, found 1 plugins.
Preloading 0 native plugins for Editor in 0.00 ms.
Mono: successfully reloaded assembly
- Completed reload, in  0.699 seconds
Platform modules already initialized, skipping
Switching build target platform(5) subTarget(0) extendedPlatform(0) -> platform(13) subTarget(589824) extendedPlatform(0)
Refreshing native plugins compatible for Editor in 0.31 ms, found 1 plugins.
Preloading 0 native plugins for Editor in 0.00 ms.
Unloading 1373 Unused Serialized files (Serialized files now loaded: 0)
System memory in use before: 78.0 MB.
System memory in use after: 78.1 MB.

Unloading 19 unused Assets to reduce memory usage. Loaded Objects now: 1838.
Total: 1.752100 ms (FindLiveObjects: 0.238800 ms CreateObjectMapping: 0.067100 ms MarkObjects: 1.423400 ms  DeleteObjects: 0.021300 ms)

AssetImportParameters requested are different than current active one (requested -> active):
  custom:graphics/normal-map-encoding: 01000000000000000000000000000000 -> 02000000000000000000000000000000
========================================================================
Received Import Request.
  Time since last request: 538.096101 seconds.
  path: Assets/Scene/Main.unity
  artifactKey: Guid(ab7ad0d04cc56a048a82eae4f4c88b5e) Importer(815301076,1909f56bfc062723c751e8b465ee728b)
Start importing Assets/Scene/Main.unity using Guid(ab7ad0d04cc56a048a82eae4f4c88b5e) Importer(815301076,1909f56bfc062723c751e8b465ee728b)  -> (artifact id: '7675e063450fe8aa2bf80de12328984a') in 0.017785 seconds
  Import took 0.020639 seconds .

========================================================================
Received Prepare
Registering precompiled user dll's ...
Registered in 0.002028 seconds.
Begin MonoManager ReloadAssembly
Native extension for WindowsStandalone target not found
Refreshing native plugins compatible for Editor in 0.32 ms, found 1 plugins.
Preloading 0 native plugins for Editor in 0.00 ms.
Mono: successfully reloaded assembly
- Completed reload, in  0.697 seconds
Platform modules already initialized, skipping
Switching build target platform(5) subTarget(0) extendedPlatform(0) -> platform(13) subTarget(589824) extendedPlatform(0)
Refreshing native plugins compatible for Editor in 0.31 ms, found 1 plugins.
Preloading 0 native plugins for Editor in 0.00 ms.
Unloading 1373 Unused Serialized files (Serialized files now loaded: 0)
System memory in use before: 78.0 MB.
System memory in use after: 78.1 MB.

Unloading 19 unused Assets to reduce memory usage. Loaded Objects now: 1842.
Total: 1.402300 ms (FindLiveObjects: 0.167500 ms CreateObjectMapping: 0.047700 ms MarkObjects: 1.170400 ms  DeleteObjects: 0.015200 ms)

AssetImportParameters requested are different than current active one (requested -> active):
  custom:graphics/normal-map-encoding: 01000000000000000000000000000000 -> 02000000000000000000000000000000
========================================================================
Received Import Request.
  Time since last request: 719.631163 seconds.
  path: Assets/PulsePhysiologyEngine/Scripts/PulseDataLineRenderer.cs
  artifactKey: Guid(8eaae667ea3624bfea5015979b2fda5a) Importer(815301076,1909f56bfc062723c751e8b465ee728b)
Start importing Assets/PulsePhysiologyEngine/Scripts/PulseDataLineRenderer.cs using Guid(8eaae667ea3624bfea5015979b2fda5a) Importer(815301076,1909f56bfc062723c751e8b465ee728b)  -> (artifact id: '07a43107aa64294489c3e0a27f2183aa') in 0.057068 seconds
  Import took 0.059952 seconds .

========================================================================
Received Import Request.
  Time since last request: 30.153757 seconds.
  path: Assets/PulsePhysiologyEngine/Scripts/PulseDataConsumer.cs
  artifactKey: Guid(a11ade84da8a240e3888212b6c0b0962) Importer(815301076,1909f56bfc062723c751e8b465ee728b)
Start importing Assets/PulsePhysiologyEngine/Scripts/PulseDataConsumer.cs using Guid(a11ade84da8a240e3888212b6c0b0962) Importer(815301076,1909f56bfc062723c751e8b465ee728b)  -> (artifact id: 'f41bfc8a7fee12c6dd14f44bde058606') in 0.003456 seconds
  Import took 0.005770 seconds .

========================================================================
Received Import Request.
  Time since last request: 0.635374 seconds.
  path: Assets/PulsePhysiologyEngine/Scripts/PulseData.cs
  artifactKey: Guid(1b542d476b1044fe5a410c288650ba2a) Importer(815301076,1909f56bfc062723c751e8b465ee728b)
Start importing Assets/PulsePhysiologyEngine/Scripts/PulseData.cs using Guid(1b542d476b1044fe5a410c288650ba2a) Importer(815301076,1909f56bfc062723c751e8b465ee728b)  -> (artifact id: '8ca8e788d88a8edeec859d2a48c51d29') in 0.003034 seconds
  Import took 0.005452 seconds .

========================================================================
Received Prepare
Registering precompiled user dll's ...
Registered in 0.002646 seconds.
Begin MonoManager ReloadAssembly
Native extension for WindowsStandalone target not found
Refreshing native plugins compatible for Editor in 0.33 ms, found 1 plugins.
Preloading 0 native plugins for Editor in 0.00 ms.
Mono: successfully reloaded assembly
- Completed reload, in  0.902 seconds
Platform modules already initialized, skipping
Switching build target platform(5) subTarget(0) extendedPlatform(0) -> platform(13) subTarget(589824) extendedPlatform(0)
Refreshing native plugins compatible for Editor in 0.33 ms, found 1 plugins.
Preloading 0 native plugins for Editor in 0.00 ms.
Unloading 1373 Unused Serialized files (Serialized files now loaded: 0)
System memory in use before: 78.0 MB.
System memory in use after: 78.1 MB.

Unloading 19 unused Assets to reduce memory usage. Loaded Objects now: 1846.
Total: 1.679500 ms (FindLiveObjects: 0.240200 ms CreateObjectMapping: 0.063100 ms MarkObjects: 1.356600 ms  DeleteObjects: 0.018300 ms)

AssetImportParameters requested are different than current active one (requested -> active):
  custom:graphics/normal-map-encoding: 01000000000000000000000000000000 -> 02000000000000000000000000000000
========================================================================
Received Import Request.
  Time since last request: 106.348717 seconds.
  path: Assets/PulsePhysiologyEngine/Scripts/PulseCSVReader.cs
  artifactKey: Guid(745433874a4594c34bebce034601ce8c) Importer(815301076,1909f56bfc062723c751e8b465ee728b)
Start importing Assets/PulsePhysiologyEngine/Scripts/PulseCSVReader.cs using Guid(745433874a4594c34bebce034601ce8c) Importer(815301076,1909f56bfc062723c751e8b465ee728b)  -> (artifact id: '9b74ba10ad9946c31e71bd860878d0e0') in 0.003758 seconds
  Import took 0.006037 seconds .

========================================================================
Received Import Request.
  Time since last request: 1.701579 seconds.
  path: Assets/PulsePhysiologyEngine/Scripts/PulseCSVReader.cs
  artifactKey: Guid(745433874a4594c34bebce034601ce8c) Importer(815301076,1909f56bfc062723c751e8b465ee728b)
Start importing Assets/PulsePhysiologyEngine/Scripts/PulseCSVReader.cs using Guid(745433874a4594c34bebce034601ce8c) Importer(815301076,1909f56bfc062723c751e8b465ee728b)  -> (artifact id: '9b74ba10ad9946c31e71bd860878d0e0') in 0.002222 seconds
  Import took 0.004445 seconds .

========================================================================
Received Prepare
Registering precompiled user dll's ...
Registered in 0.002553 seconds.
Begin MonoManager ReloadAssembly
Native extension for WindowsStandalone target not found
Refreshing native plugins compatible for Editor in 0.35 ms, found 1 plugins.
Preloading 0 native plugins for Editor in 0.00 ms.
Mono: successfully reloaded assembly
- Completed reload, in  0.742 seconds
Platform modules already initialized, skipping
Switching build target platform(5) subTarget(0) extendedPlatform(0) -> platform(13) subTarget(589824) extendedPlatform(0)
Refreshing native plugins compatible for Editor in 0.34 ms, found 1 plugins.
Preloading 0 native plugins for Editor in 0.00 ms.
Unloading 1373 Unused Serialized files (Serialized files now loaded: 0)
System memory in use before: 78.0 MB.
System memory in use after: 78.1 MB.

Unloading 19 unused Assets to reduce memory usage. Loaded Objects now: 1850.
Total: 2.037100 ms (FindLiveObjects: 0.207800 ms CreateObjectMapping: 0.088200 ms MarkObjects: 1.719000 ms  DeleteObjects: 0.020600 ms)

AssetImportParameters requested are different than current active one (requested -> active):
  custom:graphics/normal-map-encoding: 01000000000000000000000000000000 -> 02000000000000000000000000000000
========================================================================
Received Import Request.
  Time since last request: 28.590396 seconds.
  path: Assets/Photon/PhotonUnityNetworking/Demos/PunBasics-Tutorial/Scenes/PunBasics-Launcher.unity
  artifactKey: Guid(bff77b01b50254edbb6edeeaba5ae8b3) Importer(815301076,1909f56bfc062723c751e8b465ee728b)
Start importing Assets/Photon/PhotonUnityNetworking/Demos/PunBasics-Tutorial/Scenes/PunBasics-Launcher.unity using Guid(bff77b01b50254edbb6edeeaba5ae8b3) Importer(815301076,1909f56bfc062723c751e8b465ee728b)  -> (artifact id: '1f2374d603ecdef28dae6caf7242e62b') in 0.010659 seconds
  Import took 0.018286 seconds .

========================================================================
Received Prepare
Registering precompiled user dll's ...
Registered in 0.002501 seconds.
Begin MonoManager ReloadAssembly
Native extension for WindowsStandalone target not found
Refreshing native plugins compatible for Editor in 0.58 ms, found 1 plugins.
Preloading 0 native plugins for Editor in 0.00 ms.
Mono: successfully reloaded assembly
- Completed reload, in  0.890 seconds
Platform modules already initialized, skipping
Switching build target platform(5) subTarget(0) extendedPlatform(0) -> platform(13) subTarget(589824) extendedPlatform(0)
Refreshing native plugins compatible for Editor in 0.37 ms, found 1 plugins.
Preloading 0 native plugins for Editor in 0.00 ms.
Unloading 1373 Unused Serialized files (Serialized files now loaded: 0)
System memory in use before: 78.0 MB.
System memory in use after: 78.2 MB.

Unloading 19 unused Assets to reduce memory usage. Loaded Objects now: 1854.
Total: 1.954300 ms (FindLiveObjects: 0.173100 ms CreateObjectMapping: 0.047700 ms MarkObjects: 1.711200 ms  DeleteObjects: 0.020800 ms)

AssetImportParameters requested are different than current active one (requested -> active):
  custom:graphics/normal-map-encoding: 01000000000000000000000000000000 -> 02000000000000000000000000000000
========================================================================
Received Prepare
Registering precompiled user dll's ...
Registered in 0.002576 seconds.
Begin MonoManager ReloadAssembly
Native extension for WindowsStandalone target not found
Refreshing native plugins compatible for Editor in 0.40 ms, found 1 plugins.
Preloading 0 native plugins for Editor in 0.00 ms.
Mono: successfully reloaded assembly
- Completed reload, in  0.896 seconds
Platform modules already initialized, skipping
Switching build target platform(5) subTarget(0) extendedPlatform(0) -> platform(13) subTarget(589824) extendedPlatform(0)
Refreshing native plugins compatible for Editor in 0.42 ms, found 1 plugins.
Preloading 0 native plugins for Editor in 0.00 ms.
Unloading 1373 Unused Serialized files (Serialized files now loaded: 0)
System memory in use before: 78.1 MB.
System memory in use after: 78.2 MB.

Unloading 19 unused Assets to reduce memory usage. Loaded Objects now: 1858.
Total: 1.742700 ms (FindLiveObjects: 0.176500 ms CreateObjectMapping: 0.056500 ms MarkObjects: 1.490200 ms  DeleteObjects: 0.018600 ms)

AssetImportParameters requested are different than current active one (requested -> active):
  custom:graphics/normal-map-encoding: 01000000000000000000000000000000 -> 02000000000000000000000000000000
========================================================================
Received Import Request.
  Time since last request: 158.472219 seconds.
  path: Assets/Scene/Main.unity
  artifactKey: Guid(ab7ad0d04cc56a048a82eae4f4c88b5e) Importer(815301076,1909f56bfc062723c751e8b465ee728b)
Start importing Assets/Scene/Main.unity using Guid(ab7ad0d04cc56a048a82eae4f4c88b5e) Importer(815301076,1909f56bfc062723c751e8b465ee728b)  -> (artifact id: 'ab01e51b88edb09dc61fc74671be7d6a') in 0.010832 seconds
  Import took 0.019231 seconds .

========================================================================
Received Prepare
Registering precompiled user dll's ...
Registered in 0.002219 seconds.
Begin MonoManager ReloadAssembly
Native extension for WindowsStandalone target not found
Refreshing native plugins compatible for Editor in 0.32 ms, found 1 plugins.
Preloading 0 native plugins for Editor in 0.00 ms.
Mono: successfully reloaded assembly
- Completed reload, in  0.750 seconds
Platform modules already initialized, skipping
Switching build target platform(5) subTarget(0) extendedPlatform(0) -> platform(13) subTarget(589824) extendedPlatform(0)
Refreshing native plugins compatible for Editor in 0.36 ms, found 1 plugins.
Preloading 0 native plugins for Editor in 0.00 ms.
Unloading 1373 Unused Serialized files (Serialized files now loaded: 0)
System memory in use before: 78.1 MB.
System memory in use after: 78.2 MB.

Unloading 19 unused Assets to reduce memory usage. Loaded Objects now: 1862.
Total: 1.538000 ms (FindLiveObjects: 0.169000 ms CreateObjectMapping: 0.046900 ms MarkObjects: 1.305000 ms  DeleteObjects: 0.016200 ms)

AssetImportParameters requested are different than current active one (requested -> active):
  custom:graphics/normal-map-encoding: 01000000000000000000000000000000 -> 02000000000000000000000000000000
========================================================================
Received Prepare
Registering precompiled user dll's ...
Registered in 0.003900 seconds.
Begin MonoManager ReloadAssembly
Native extension for WindowsStandalone target not found
Refreshing native plugins compatible for Editor in 0.59 ms, found 1 plugins.
Preloading 0 native plugins for Editor in 0.00 ms.
Mono: successfully reloaded assembly
- Completed reload, in  1.402 seconds
Platform modules already initialized, skipping
Switching build target platform(5) subTarget(0) extendedPlatform(0) -> platform(13) subTarget(589824) extendedPlatform(0)
Refreshing native plugins compatible for Editor in 0.73 ms, found 1 plugins.
Preloading 0 native plugins for Editor in 0.00 ms.
Unloading 1373 Unused Serialized files (Serialized files now loaded: 0)
System memory in use before: 78.1 MB.
System memory in use after: 78.2 MB.

Unloading 19 unused Assets to reduce memory usage. Loaded Objects now: 1866.
Total: 3.012300 ms (FindLiveObjects: 0.334400 ms CreateObjectMapping: 0.135300 ms MarkObjects: 2.516000 ms  DeleteObjects: 0.024300 ms)

AssetImportParameters requested are different than current active one (requested -> active):
  custom:graphics/normal-map-encoding: 01000000000000000000000000000000 -> 02000000000000000000000000000000
========================================================================
Received Prepare
Registering precompiled user dll's ...
Registered in 0.002475 seconds.
Begin MonoManager ReloadAssembly
Native extension for WindowsStandalone target not found
Refreshing native plugins compatible for Editor in 0.31 ms, found 1 plugins.
Preloading 0 native plugins for Editor in 0.00 ms.
Mono: successfully reloaded assembly
- Completed reload, in  0.936 seconds
Platform modules already initialized, skipping
Switching build target platform(5) subTarget(0) extendedPlatform(0) -> platform(13) subTarget(589824) extendedPlatform(0)
Refreshing native plugins compatible for Editor in 0.35 ms, found 1 plugins.
Preloading 0 native plugins for Editor in 0.00 ms.
Unloading 1373 Unused Serialized files (Serialized files now loaded: 0)
System memory in use before: 78.1 MB.
System memory in use after: 78.2 MB.

Unloading 19 unused Assets to reduce memory usage. Loaded Objects now: 1870.
Total: 1.501000 ms (FindLiveObjects: 0.175800 ms CreateObjectMapping: 0.041800 ms MarkObjects: 1.267600 ms  DeleteObjects: 0.014600 ms)

AssetImportParameters requested are different than current active one (requested -> active):
  custom:graphics/normal-map-encoding: 01000000000000000000000000000000 -> 02000000000000000000000000000000
========================================================================
Received Import Request.
  Time since last request: 555.026650 seconds.
  path: Assets/Photon/PhotonUnityNetworking/Demos/PunBasics-Tutorial/Scenes/PunBasics-Launcher.unity
  artifactKey: Guid(bff77b01b50254edbb6edeeaba5ae8b3) Importer(815301076,1909f56bfc062723c751e8b465ee728b)
Start importing Assets/Photon/PhotonUnityNetworking/Demos/PunBasics-Tutorial/Scenes/PunBasics-Launcher.unity using Guid(bff77b01b50254edbb6edeeaba5ae8b3) Importer(815301076,1909f56bfc062723c751e8b465ee728b)  -> (artifact id: 'a56c3ebda2cea8c894af743dd4f30f42') in 0.011733 seconds
  Import took 0.020484 seconds .

========================================================================
Received Prepare
Registering precompiled user dll's ...
Registered in 0.002194 seconds.
Begin MonoManager ReloadAssembly
Native extension for WindowsStandalone target not found
Refreshing native plugins compatible for Editor in 0.34 ms, found 1 plugins.
Preloading 0 native plugins for Editor in 0.00 ms.
Mono: successfully reloaded assembly
- Completed reload, in  0.782 seconds
Platform modules already initialized, skipping
Switching build target platform(5) subTarget(0) extendedPlatform(0) -> platform(13) subTarget(589824) extendedPlatform(0)
Refreshing native plugins compatible for Editor in 0.31 ms, found 1 plugins.
Preloading 0 native plugins for Editor in 0.00 ms.
Unloading 1373 Unused Serialized files (Serialized files now loaded: 0)
System memory in use before: 78.1 MB.
System memory in use after: 78.2 MB.

Unloading 19 unused Assets to reduce memory usage. Loaded Objects now: 1874.
Total: 1.419800 ms (FindLiveObjects: 0.181800 ms CreateObjectMapping: 0.052300 ms MarkObjects: 1.169400 ms  DeleteObjects: 0.014900 ms)

AssetImportParameters requested are different than current active one (requested -> active):
  custom:graphics/normal-map-encoding: 01000000000000000000000000000000 -> 02000000000000000000000000000000
========================================================================
Received Import Request.
  Time since last request: 86.385732 seconds.
  path: Assets/Scene/Main.unity
  artifactKey: Guid(ab7ad0d04cc56a048a82eae4f4c88b5e) Importer(815301076,1909f56bfc062723c751e8b465ee728b)
Start importing Assets/Scene/Main.unity using Guid(ab7ad0d04cc56a048a82eae4f4c88b5e) Importer(815301076,1909f56bfc062723c751e8b465ee728b)  -> (artifact id: '732a212b7ef322521805246e323dae54') in 0.012172 seconds
  Import took 0.014183 seconds .

========================================================================
Received Import Request.
  Time since last request: 169.459013 seconds.
  path: Assets/Prefabs/ortsPackck.prefab
  artifactKey: Guid(20550d1b3f6cb594784dcc79a2128f58) Importer(815301076,1909f56bfc062723c751e8b465ee728b)
Start importing Assets/Prefabs/ortsPackck.prefab using Guid(20550d1b3f6cb594784dcc79a2128f58) Importer(815301076,1909f56bfc062723c751e8b465ee728b)  -> (artifact id: 'cb5a5c364595988d4f6a4c34480a061d') in 0.069058 seconds
  Import took 0.072050 seconds .

========================================================================
Received Import Request.
  Time since last request: 12.585770 seconds.
  path: Assets/Prefabs/LowPolyHuman.prefab
  artifactKey: Guid(59163eaf70ef4f24a9249e79d4d3cb56) Importer(815301076,1909f56bfc062723c751e8b465ee728b)
Start importing Assets/Prefabs/LowPolyHuman.prefab using Guid(59163eaf70ef4f24a9249e79d4d3cb56) Importer(815301076,1909f56bfc062723c751e8b465ee728b)  -> (artifact id: '4b1202b22343dbcb5ef7e9aa3e10a81f') in 0.014110 seconds
  Import took 0.017014 seconds .

========================================================================
Received Import Request.
  Time since last request: 89.375774 seconds.
  path: Assets/Prefabs/LowPolyHuman 1.prefab
  artifactKey: Guid(aa7211cb5b91bc648bbd052fed27f68d) Importer(815301076,1909f56bfc062723c751e8b465ee728b)
Start importing Assets/Prefabs/LowPolyHuman 1.prefab using Guid(aa7211cb5b91bc648bbd052fed27f68d) Importer(815301076,1909f56bfc062723c751e8b465ee728b)  -> (artifact id: '0aad364f4026bb017f7cf041dc7ba322') in 0.029875 seconds
  Import took 0.033034 seconds .

========================================================================
Received Import Request.
  Time since last request: 107.980635 seconds.
  path: Assets/Prefabs/LowPolyHuman 2.prefab
  artifactKey: Guid(bab6ae05a052ffb4190c2a40657c7eaa) Importer(815301076,1909f56bfc062723c751e8b465ee728b)
Start importing Assets/Prefabs/LowPolyHuman 2.prefab using Guid(bab6ae05a052ffb4190c2a40657c7eaa) Importer(815301076,1909f56bfc062723c751e8b465ee728b)  -> (artifact id: '55ad881da87500bcbc8e92543eee5ac9') in 0.011828 seconds
  Import took 0.014233 seconds .

========================================================================
Received Import Request.
  Time since last request: 92.882569 seconds.
  path: Assets/Prefabs/LowPolyHuman (1).prefab
  artifactKey: Guid(c12da368f3e3a3446a1b18364bdd0e8a) Importer(815301076,1909f56bfc062723c751e8b465ee728b)
Start importing Assets/Prefabs/LowPolyHuman (1).prefab using Guid(c12da368f3e3a3446a1b18364bdd0e8a) Importer(815301076,1909f56bfc062723c751e8b465ee728b)  -> (artifact id: '0234aaf3837ed7ba4ca5b8f28a3c24f8') in 0.012952 seconds
  Import took 0.017696 seconds .

========================================================================
Received Import Request.
  Time since last request: 88.845439 seconds.
  path: Assets/Prefabs/LowPolyHuman 3.prefab
  artifactKey: Guid(22c25d505161830448635065d7cf6820) Importer(815301076,1909f56bfc062723c751e8b465ee728b)
Start importing Assets/Prefabs/LowPolyHuman 3.prefab using Guid(22c25d505161830448635065d7cf6820) Importer(815301076,1909f56bfc062723c751e8b465ee728b)  -> (artifact id: 'd27a04dcd2647d4acd5711387a88f839') in 0.023033 seconds
  Import took 0.026436 seconds .

========================================================================
Received Prepare
Registering precompiled user dll's ...
Registered in 0.003415 seconds.
Begin MonoManager ReloadAssembly
Native extension for WindowsStandalone target not found
Refreshing native plugins compatible for Editor in 0.68 ms, found 1 plugins.
Preloading 0 native plugins for Editor in 0.00 ms.
Mono: successfully reloaded assembly
- Completed reload, in  1.464 seconds
Platform modules already initialized, skipping
Switching build target platform(5) subTarget(0) extendedPlatform(0) -> platform(13) subTarget(589824) extendedPlatform(0)
Refreshing native plugins compatible for Editor in 0.52 ms, found 1 plugins.
Preloading 0 native plugins for Editor in 0.00 ms.
Unloading 1374 Unused Serialized files (Serialized files now loaded: 0)
System memory in use before: 81.2 MB.
System memory in use after: 81.3 MB.

Unloading 19 unused Assets to reduce memory usage. Loaded Objects now: 1886.
Total: 2.675100 ms (FindLiveObjects: 0.307100 ms CreateObjectMapping: 0.113300 ms MarkObjects: 2.224300 ms  DeleteObjects: 0.028400 ms)

AssetImportParameters requested are different than current active one (requested -> active):
  custom:graphics/normal-map-encoding: 01000000000000000000000000000000 -> 02000000000000000000000000000000
========================================================================
Received Import Request.
  Time since last request: 100.004849 seconds.
  path: Assets/Scripts/RandomCharactors.cs
  artifactKey: Guid(19fef329e7a7ae1418606b1dce04dd98) Importer(815301076,1909f56bfc062723c751e8b465ee728b)
Start importing Assets/Scripts/RandomCharactors.cs using Guid(19fef329e7a7ae1418606b1dce04dd98) Importer(815301076,1909f56bfc062723c751e8b465ee728b)  -> (artifact id: '86024de907045c78f111603fc0745336') in 0.006811 seconds
  Import took 0.017785 seconds .

========================================================================
Received Prepare
Registering precompiled user dll's ...
Registered in 0.004834 seconds.
Begin MonoManager ReloadAssembly
Native extension for WindowsStandalone target not found
Refreshing native plugins compatible for Editor in 0.42 ms, found 1 plugins.
Preloading 0 native plugins for Editor in 0.00 ms.
Mono: successfully reloaded assembly
- Completed reload, in  1.114 seconds
Platform modules already initialized, skipping
Switching build target platform(5) subTarget(0) extendedPlatform(0) -> platform(13) subTarget(589824) extendedPlatform(0)
Refreshing native plugins compatible for Editor in 0.49 ms, found 1 plugins.
Preloading 0 native plugins for Editor in 0.00 ms.
Unloading 1374 Unused Serialized files (Serialized files now loaded: 0)
System memory in use before: 81.2 MB.
System memory in use after: 81.3 MB.

Unloading 19 unused Assets to reduce memory usage. Loaded Objects now: 1890.
Total: 1.914700 ms (FindLiveObjects: 0.202300 ms CreateObjectMapping: 0.058700 ms MarkObjects: 1.630700 ms  DeleteObjects: 0.021600 ms)

AssetImportParameters requested are different than current active one (requested -> active):
  custom:graphics/normal-map-encoding: 01000000000000000000000000000000 -> 02000000000000000000000000000000
========================================================================
Received Import Request.
  Time since last request: 147.716423 seconds.
  path: Assets/Scripts/RandomCharactors.cs
  artifactKey: Guid(19fef329e7a7ae1418606b1dce04dd98) Importer(815301076,1909f56bfc062723c751e8b465ee728b)
Start importing Assets/Scripts/RandomCharactors.cs using Guid(19fef329e7a7ae1418606b1dce04dd98) Importer(815301076,1909f56bfc062723c751e8b465ee728b)  -> (artifact id: 'f617c20e93f835ac88ea2640cfd8ef3f') in 0.004781 seconds
  Import took 0.007404 seconds .

========================================================================
Received Prepare
Registering precompiled user dll's ...
Registered in 0.004570 seconds.
Begin MonoManager ReloadAssembly
Native extension for WindowsStandalone target not found
Refreshing native plugins compatible for Editor in 0.39 ms, found 1 plugins.
Preloading 0 native plugins for Editor in 0.00 ms.
Mono: successfully reloaded assembly
- Completed reload, in  0.946 seconds
Platform modules already initialized, skipping
Switching build target platform(5) subTarget(0) extendedPlatform(0) -> platform(13) subTarget(589824) extendedPlatform(0)
Refreshing native plugins compatible for Editor in 0.38 ms, found 1 plugins.
Preloading 0 native plugins for Editor in 0.00 ms.
Unloading 1374 Unused Serialized files (Serialized files now loaded: 0)
System memory in use before: 81.2 MB.
System memory in use after: 81.3 MB.

Unloading 19 unused Assets to reduce memory usage. Loaded Objects now: 1894.
Total: 2.259600 ms (FindLiveObjects: 0.169900 ms CreateObjectMapping: 0.054200 ms MarkObjects: 2.009200 ms  DeleteObjects: 0.024800 ms)

AssetImportParameters requested are different than current active one (requested -> active):
  custom:graphics/normal-map-encoding: 01000000000000000000000000000000 -> 02000000000000000000000000000000
========================================================================
Received Prepare
Registering precompiled user dll's ...
Registered in 0.008894 seconds.
Begin MonoManager ReloadAssembly
Native extension for WindowsStandalone target not found
Refreshing native plugins compatible for Editor in 0.35 ms, found 1 plugins.
Preloading 0 native plugins for Editor in 0.00 ms.
Mono: successfully reloaded assembly
- Completed reload, in  0.748 seconds
Platform modules already initialized, skipping
Switching build target platform(5) subTarget(0) extendedPlatform(0) -> platform(13) subTarget(589824) extendedPlatform(0)
Refreshing native plugins compatible for Editor in 0.35 ms, found 1 plugins.
Preloading 0 native plugins for Editor in 0.00 ms.
Unloading 1374 Unused Serialized files (Serialized files now loaded: 0)
System memory in use before: 81.3 MB.
System memory in use after: 81.4 MB.

Unloading 19 unused Assets to reduce memory usage. Loaded Objects now: 1898.
Total: 1.708700 ms (FindLiveObjects: 0.211300 ms CreateObjectMapping: 0.054500 ms MarkObjects: 1.423300 ms  DeleteObjects: 0.018300 ms)

AssetImportParameters requested are different than current active one (requested -> active):
  custom:graphics/normal-map-encoding: 01000000000000000000000000000000 -> 02000000000000000000000000000000
========================================================================
Received Import Request.
  Time since last request: 310.480364 seconds.
  path: Assets/Photon/PhotonUnityNetworking/Demos/Shared Assets/Skin/BoxBright.png
  artifactKey: Guid(ab6d288fac925ae48bbeb5e02d83dce3) Importer(815301076,1909f56bfc062723c751e8b465ee728b)
Start importing Assets/Photon/PhotonUnityNetworking/Demos/Shared Assets/Skin/BoxBright.png using Guid(ab6d288fac925ae48bbeb5e02d83dce3) Importer(815301076,1909f56bfc062723c751e8b465ee728b)  -> (artifact id: '3b06111c70465c4ac112faf6a5a97dbf') in 0.061468 seconds
  Import took 0.064744 seconds .

========================================================================
Received Import Request.
  Time since last request: 0.000416 seconds.
  path: Assets/Photon/PhotonUnityNetworking/Demos/Shared Assets/Skin/BoxText.png
  artifactKey: Guid(761ff1491b1f86c4d924261c553ac9cc) Importer(815301076,1909f56bfc062723c751e8b465ee728b)
Start importing Assets/Photon/PhotonUnityNetworking/Demos/Shared Assets/Skin/BoxText.png using Guid(761ff1491b1f86c4d924261c553ac9cc) Importer(815301076,1909f56bfc062723c751e8b465ee728b)  -> (artifact id: 'f228d8e47fb9e2f59ddbf871004fcea5') in 0.008606 seconds
  Import took 0.011473 seconds .

========================================================================
Received Import Request.
  Time since last request: 0.000301 seconds.
  path: Assets/Plugins/Demigiant/DOTween/Editor/Imgs/DOTweenIcon.png
  artifactKey: Guid(8da095e39e9b4df488dfd436f81116d6) Importer(815301076,1909f56bfc062723c751e8b465ee728b)
Start importing Assets/Plugins/Demigiant/DOTween/Editor/Imgs/DOTweenIcon.png using Guid(8da095e39e9b4df488dfd436f81116d6) Importer(815301076,1909f56bfc062723c751e8b465ee728b)  -> (artifact id: '142ca8f80cec695a40469b195b4e0c6b') in 0.007072 seconds
  Import took 0.009535 seconds .

========================================================================
Received Import Request.
  Time since last request: 0.000232 seconds.
  path: Assets/Photon/PhotonUnityNetworking/Demos/Shared Assets/Skin/BoxOrange.png
  artifactKey: Guid(13548d8d0fcb5c44b8044ce08a99c697) Importer(815301076,1909f56bfc062723c751e8b465ee728b)
Start importing Assets/Photon/PhotonUnityNetworking/Demos/Shared Assets/Skin/BoxOrange.png using Guid(13548d8d0fcb5c44b8044ce08a99c697) Importer(815301076,1909f56bfc062723c751e8b465ee728b)  -> (artifact id: 'a857533714a8dacd69b22159bd8ca40e') in 0.006134 seconds
  Import took 0.008223 seconds .

========================================================================
Received Import Request.
  Time since last request: 0.000410 seconds.
  path: Assets/Photon/PhotonUnityNetworking/Demos/Shared Assets/Skin/BoxTextHover.png
  artifactKey: Guid(13154691f37c1884c865b54d8bd29d6e) Importer(815301076,1909f56bfc062723c751e8b465ee728b)
Start importing Assets/Photon/PhotonUnityNetworking/Demos/Shared Assets/Skin/BoxTextHover.png using Guid(13154691f37c1884c865b54d8bd29d6e) Importer(815301076,1909f56bfc062723c751e8b465ee728b)  -> (artifact id: 'b5f776aa9853857221f5834db67fad6a') in 0.005740 seconds
  Import took 0.008147 seconds .

========================================================================
Received Import Request.
  Time since last request: 0.000258 seconds.
  path: Assets/Photon/PhotonUnityNetworking/Code/Editor/CopyIconPro.png
  artifactKey: Guid(81b8e0c5ffa3345b7aa3af3a2c0257ce) Importer(815301076,1909f56bfc062723c751e8b465ee728b)
Start importing Assets/Photon/PhotonUnityNetworking/Code/Editor/CopyIconPro.png using Guid(81b8e0c5ffa3345b7aa3af3a2c0257ce) Importer(815301076,1909f56bfc062723c751e8b465ee728b)  -> (artifact id: 'c48ff7f1fc55b7706689df0253e74924') in 0.006321 seconds
  Import took 0.008752 seconds .

========================================================================
Received Import Request.
  Time since last request: 0.000226 seconds.
  path: Assets/Photon/PhotonUnityNetworking/Code/Editor/CopyIcon.png
  artifactKey: Guid(d1228d93299ce47a8a5ac1a33513aeaf) Importer(815301076,1909f56bfc062723c751e8b465ee728b)
Start importing Assets/Photon/PhotonUnityNetworking/Code/Editor/CopyIcon.png using Guid(d1228d93299ce47a8a5ac1a33513aeaf) Importer(815301076,1909f56bfc062723c751e8b465ee728b)  -> (artifact id: '0e3932f8986de314d8f272b46bfc7d7f') in 0.009256 seconds
  Import took 0.011422 seconds .

========================================================================
Received Import Request.
  Time since last request: 0.000163 seconds.
  path: Assets/Photon/PhotonUnityNetworking/Demos/Shared Assets/Skin/BoxOrangeRed.png
  artifactKey: Guid(72708a25103c3fe4f9074f7296e86b7a) Importer(815301076,1909f56bfc062723c751e8b465ee728b)
Start importing Assets/Photon/PhotonUnityNetworking/Demos/Shared Assets/Skin/BoxOrangeRed.png using Guid(72708a25103c3fe4f9074f7296e86b7a) Importer(815301076,1909f56bfc062723c751e8b465ee728b)  -> (artifact id: '02b259de542b805c678916ae5aca6836') in 0.005403 seconds
  Import took 0.007750 seconds .

========================================================================
Received Import Request.
  Time since last request: 0.730684 seconds.
  path: Assets/Photon/PhotonUnityNetworking/Demos/DemoAsteroids/Textures/FlyerAsteroidEmissive.tif
  artifactKey: Guid(bfc02e2f0447eaf4190d17879193f0e2) Importer(815301076,1909f56bfc062723c751e8b465ee728b)
Start importing Assets/Photon/PhotonUnityNetworking/Demos/DemoAsteroids/Textures/FlyerAsteroidEmissive.tif using Guid(bfc02e2f0447eaf4190d17879193f0e2) Importer(815301076,1909f56bfc062723c751e8b465ee728b)  -> (artifact id: '786eb5e0b10e6791a91700b4add71fed') in 0.010988 seconds
  Import took 0.013488 seconds .

========================================================================
Received Import Request.
  Time since last request: 0.000204 seconds.
  path: Assets/Photon/PhotonUnityNetworking/Demos/DemoAsteroids/Textures/FlyerPlayershipOcclusion.tif
  artifactKey: Guid(34b19bc20b665b240af9c0fc9d0086f6) Importer(815301076,1909f56bfc062723c751e8b465ee728b)
Start importing Assets/Photon/PhotonUnityNetworking/Demos/DemoAsteroids/Textures/FlyerPlayershipOcclusion.tif using Guid(34b19bc20b665b240af9c0fc9d0086f6) Importer(815301076,1909f56bfc062723c751e8b465ee728b)  -> (artifact id: 'f3e86264719ebb2d9c1f30a81cd9e3ae') in 0.014521 seconds
  Import took 0.016787 seconds .

========================================================================
Received Import Request.
  Time since last request: 0.000269 seconds.
  path: Assets/Photon/PhotonUnityNetworking/Demos/DemoAsteroids/Textures/FlyerPlayershipAlbedo.tif
  artifactKey: Guid(b28381ec2a3dce5459a8fd396a0eb560) Importer(815301076,1909f56bfc062723c751e8b465ee728b)
Start importing Assets/Photon/PhotonUnityNetworking/Demos/DemoAsteroids/Textures/FlyerPlayershipAlbedo.tif using Guid(b28381ec2a3dce5459a8fd396a0eb560) Importer(815301076,1909f56bfc062723c751e8b465ee728b)  -> (artifact id: '6518508bf4f5eb1af5ada3650900633f') in 0.006441 seconds
  Import took 0.009546 seconds .

========================================================================
Received Import Request.
  Time since last request: 0.000259 seconds.
  path: Assets/Photon/PhotonUnityNetworking/Demos/DemoAsteroids/Textures/FlyerPlayershipEmission.tif
  artifactKey: Guid(88217866776ce4c49944ecb360a5c6ca) Importer(815301076,1909f56bfc062723c751e8b465ee728b)
Start importing Assets/Photon/PhotonUnityNetworking/Demos/DemoAsteroids/Textures/FlyerPlayershipEmission.tif using Guid(88217866776ce4c49944ecb360a5c6ca) Importer(815301076,1909f56bfc062723c751e8b465ee728b)  -> (artifact id: 'e9180e5075f78f56ee8d9200ff88f184') in 0.008720 seconds
  Import took 0.011766 seconds .

========================================================================
Received Import Request.
  Time since last request: 0.288268 seconds.
  path: Assets/Plugins/Demigiant/DOTween/Editor/Imgs/Footer.png
  artifactKey: Guid(7051dba417b3d53409f2918f1ea4938d) Importer(815301076,1909f56bfc062723c751e8b465ee728b)
Start importing Assets/Plugins/Demigiant/DOTween/Editor/Imgs/Footer.png using Guid(7051dba417b3d53409f2918f1ea4938d) Importer(815301076,1909f56bfc062723c751e8b465ee728b)  -> (artifact id: '62e25398373d57a2249e9aa84064a505') in 0.023305 seconds
  Import took 0.025741 seconds .

========================================================================
Received Import Request.
  Time since last request: 0.000201 seconds.
  path: Assets/Plugins/Demigiant/DOTween/Editor/Imgs/Footer_dark.png
  artifactKey: Guid(519694efe2bb2914788b151fbd8c01f4) Importer(815301076,1909f56bfc062723c751e8b465ee728b)
Start importing Assets/Plugins/Demigiant/DOTween/Editor/Imgs/Footer_dark.png using Guid(519694efe2bb2914788b151fbd8c01f4) Importer(815301076,1909f56bfc062723c751e8b465ee728b)  -> (artifact id: 'a9812f9d29a812e6d246fe2fdd949b84') in 0.006642 seconds
  Import took 0.008979 seconds .

========================================================================
Received Import Request.
  Time since last request: 0.098322 seconds.
  path: Assets/Photon/PhotonUnityNetworking/Demos/Shared Assets/Textures/Gradient.png
  artifactKey: Guid(4ca1824a2e144f043b9eb7d6e3777659) Importer(815301076,1909f56bfc062723c751e8b465ee728b)
Start importing Assets/Photon/PhotonUnityNetworking/Demos/Shared Assets/Textures/Gradient.png using Guid(4ca1824a2e144f043b9eb7d6e3777659) Importer(815301076,1909f56bfc062723c751e8b465ee728b)  -> (artifact id: '07b3894009a81a5da9007f2b7e78eb26') in 0.009074 seconds
  Import took 0.012053 seconds .

========================================================================
Received Import Request.
  Time since last request: 0.000249 seconds.
  path: Assets/Plugins/Demigiant/DOTween/Editor/Imgs/Header.jpg
  artifactKey: Guid(78a59ca99f8987941adb61f9e14a06a7) Importer(815301076,1909f56bfc062723c751e8b465ee728b)
Start importing Assets/Plugins/Demigiant/DOTween/Editor/Imgs/Header.jpg using Guid(78a59ca99f8987941adb61f9e14a06a7) Importer(815301076,1909f56bfc062723c751e8b465ee728b)  -> (artifact id: 'b4116d0b58ac3805d17d8480c8ee9f23') in 0.012922 seconds
  Import took 0.015440 seconds .

========================================================================
Received Import Request.
  Time since last request: 0.000233 seconds.
  path: Assets/Photon/PhotonUnityNetworking/Code/Editor/help.png
  artifactKey: Guid(9f1212502533cb34188dd6ef094188cb) Importer(815301076,1909f56bfc062723c751e8b465ee728b)
Start importing Assets/Photon/PhotonUnityNetworking/Code/Editor/help.png using Guid(9f1212502533cb34188dd6ef094188cb) Importer(815301076,1909f56bfc062723c751e8b465ee728b)  -> (artifact id: '5efc423872846507c579e12357e4c48e') in 0.007729 seconds
  Import took 0.010245 seconds .

========================================================================
Received Import Request.
  Time since last request: 15.878095 seconds.
  path: Assets/53425a69e835c84de85c81be6bb3d0b.png
  artifactKey: Guid(4dfca4d344720b44bb0dd098c0c448fc) Importer(815301076,1909f56bfc062723c751e8b465ee728b)
Start importing Assets/53425a69e835c84de85c81be6bb3d0b.png using Guid(4dfca4d344720b44bb0dd098c0c448fc) Importer(815301076,1909f56bfc062723c751e8b465ee728b)  -> (artifact id: '4630ca80ebd6c91d584372525823113b') in 0.015755 seconds
  Import took 0.018183 seconds .

========================================================================
Received Import Request.
  Time since last request: 0.024823 seconds.
  path: Assets/53425a69e835c84de85c81be6bb3d0b.png
  artifactKey: Guid(4dfca4d344720b44bb0dd098c0c448fc) Importer(815301076,1909f56bfc062723c751e8b465ee728b)
Start importing Assets/53425a69e835c84de85c81be6bb3d0b.png using Guid(4dfca4d344720b44bb0dd098c0c448fc) Importer(815301076,1909f56bfc062723c751e8b465ee728b)  -> (artifact id: '4630ca80ebd6c91d584372525823113b') in 0.013095 seconds
  Import took 0.016086 seconds .

========================================================================
Received Import Request.
  Time since last request: 2.133686 seconds.
  path: Assets/ICON.png
  artifactKey: Guid(4dfca4d344720b44bb0dd098c0c448fc) Importer(815301076,1909f56bfc062723c751e8b465ee728b)
Start importing Assets/ICON.png using Guid(4dfca4d344720b44bb0dd098c0c448fc) Importer(815301076,1909f56bfc062723c751e8b465ee728b)  -> (artifact id: '694e1691f923a93fbfea091f2df8ed30') in 0.014235 seconds
  Import took 0.018003 seconds .

========================================================================
Received Import Request.
  Time since last request: 2.170146 seconds.
  path: Assets/ICON.png
  artifactKey: Guid(4dfca4d344720b44bb0dd098c0c448fc) Importer(815301076,1909f56bfc062723c751e8b465ee728b)
Start importing Assets/ICON.png using Guid(4dfca4d344720b44bb0dd098c0c448fc) Importer(815301076,1909f56bfc062723c751e8b465ee728b)  -> (artifact id: 'ae1b7e184f6a8e2cc2d4a2fa5078ebae') in 0.041045 seconds
  Import took 0.043555 seconds .

========================================================================
Received Prepare
Refreshing native plugins compatible for Editor in 3.41 ms, found 1 plugins.
Preloading 0 native plugins for Editor in 0.00 ms.
Unloading 17 Unused Serialized files (Serialized files now loaded: 0)
System memory in use before: 54.8 MB.
System memory in use after: 55.0 MB.

Unloading 17 unused Assets to reduce memory usage. Loaded Objects now: 1910.
Total: 2.620700 ms (FindLiveObjects: 0.262500 ms CreateObjectMapping: 0.081400 ms MarkObjects: 2.256600 ms  DeleteObjects: 0.018600 ms)

========================================================================
Received Prepare
Refreshing native plugins compatible for Editor in 3.78 ms, found 1 plugins.
Preloading 0 native plugins for Editor in 0.00 ms.
Unloading 17 Unused Serialized files (Serialized files now loaded: 0)
System memory in use before: 54.8 MB.
System memory in use after: 55.0 MB.

Unloading 17 unused Assets to reduce memory usage. Loaded Objects now: 1910.
Total: 64.908600 ms (FindLiveObjects: 0.268200 ms CreateObjectMapping: 0.108100 ms MarkObjects: 64.497700 ms  DeleteObjects: 0.031400 ms)

========================================================================
Received Prepare
Registering precompiled user dll's ...
Registered in 0.003534 seconds.
Begin MonoManager ReloadAssembly
Native extension for WindowsStandalone target not found
Refreshing native plugins compatible for Editor in 0.40 ms, found 1 plugins.
Preloading 0 native plugins for Editor in 0.00 ms.
Mono: successfully reloaded assembly
- Completed reload, in  1.037 seconds
Platform modules already initialized, skipping
Switching build target platform(5) subTarget(0) extendedPlatform(0) -> platform(13) subTarget(589824) extendedPlatform(0)
Refreshing native plugins compatible for Editor in 0.84 ms, found 1 plugins.
Preloading 0 native plugins for Editor in 0.00 ms.
Unloading 1374 Unused Serialized files (Serialized files now loaded: 0)
System memory in use before: 81.3 MB.
System memory in use after: 81.4 MB.

Unloading 19 unused Assets to reduce memory usage. Loaded Objects now: 1914.
Total: 1.993800 ms (FindLiveObjects: 0.177300 ms CreateObjectMapping: 0.052600 ms MarkObjects: 1.739000 ms  DeleteObjects: 0.023500 ms)

AssetImportParameters requested are different than current active one (requested -> active):
  custom:graphics/normal-map-encoding: 01000000000000000000000000000000 -> 02000000000000000000000000000000
========================================================================
Received Prepare
Refreshing native plugins compatible for Editor in 3.03 ms, found 1 plugins.
Preloading 0 native plugins for Editor in 0.00 ms.
Unloading 17 Unused Serialized files (Serialized files now loaded: 0)
System memory in use before: 54.7 MB.
System memory in use after: 54.8 MB.

Unloading 17 unused Assets to reduce memory usage. Loaded Objects now: 1914.
Total: 2.010100 ms (FindLiveObjects: 0.203600 ms CreateObjectMapping: 0.062000 ms MarkObjects: 1.726300 ms  DeleteObjects: 0.017000 ms)

AssetImportWorkerClient::OnTransportError - code=2 error=End of file
