Using pre-set license
Built from '2020.3/staging' branch; Version is '2020.3.0f1 (c7b5465681fb) revision 13088070'; Using compiler version '192528614'; Build Type 'Release'
OS: 'Windows 10 Home; OS build 19041.867; Version 2004; 64bit' Language: 'en' Physical Memory: 8066 MB
BatchMode: 1, IsHumanControllingUs: 0, StartBugReporterOnCrash: 0, Is64bit: 1, IsPro: 0

 COMMAND LINE ARGUMENTS:
D:\Softwares\Unity\Editor\2020.3.0f1\Editor\Unity.exe
-adb2
-batchMode
-noUpm
-name
AssetImportWorker0
-projectPath
D:/Projects/SIT383/Pacemaker Project/Pacemaker Project
-logFile
Logs/AssetImportWorker0.log
-srvPort
50318
Successfully changed project path to: D:/Projects/SIT383/Pacemaker Project/Pacemaker Project
D:/Projects/SIT383/Pacemaker Project/Pacemaker Project
Using Asset Import Pipeline V2.
Refreshing native plugins compatible for Editor in 37.67 ms, found 0 plugins.
Preloading 0 native plugins for Editor in 0.00 ms.
Initialize engine version: 2020.3.0f1 (c7b5465681fb)
[Subsystems] Discovering subsystems at path D:/Softwares/Unity/Editor/2020.3.0f1/Editor/Data/Resources/UnitySubsystems
[Subsystems] Discovering subsystems at path D:/Projects/SIT383/Pacemaker Project/Pacemaker Project/Assets
GfxDevice: creating device client; threaded=0
Direct3D:
    Version:  Direct3D 11.0 [level 11.1]
    Renderer: Intel(R) UHD Graphics 620 (ID=0x5917)
    Vendor:   
    VRAM:     4033 MB
    Driver:   23.20.16.4973
Initialize mono
Mono path[0] = 'D:/Softwares/Unity/Editor/2020.3.0f1/Editor/Data/Managed'
Mono path[1] = 'D:/Softwares/Unity/Editor/2020.3.0f1/Editor/Data/MonoBleedingEdge/lib/mono/unityjit'
Mono config path = 'D:/Softwares/Unity/Editor/2020.3.0f1/Editor/Data/MonoBleedingEdge/etc'
Using monoOptions --debugger-agent=transport=dt_socket,embedding=1,server=y,suspend=n,address=127.0.0.1:56712
Begin MonoManager ReloadAssembly
Registering precompiled unity dll's ...
Register platform support module: D:/Softwares/Unity/Editor/2020.3.0f1/Editor/Data/PlaybackEngines/WindowsStandaloneSupport/UnityEditor.WindowsStandalone.Extensions.dll
Registered in 0.001315 seconds.
Native extension for WindowsStandalone target not found
Refreshing native plugins compatible for Editor in 34.93 ms, found 0 plugins.
Preloading 0 native plugins for Editor in 0.00 ms.
Invoked RoslynAnalysisRunner static constructor.
RoslynAnalysisRunner will not be running.
RoslynAnalysisRunner has terminated.
Mono: successfully reloaded assembly
- Completed reload, in  1.843 seconds
Platform modules already initialized, skipping
Registering precompiled user dll's ...
Registered in 0.002845 seconds.
Begin MonoManager ReloadAssembly
Native extension for WindowsStandalone target not found
Refreshing native plugins compatible for Editor in 35.66 ms, found 0 plugins.
Preloading 0 native plugins for Editor in 0.00 ms.
Invoked RoslynAnalysisRunner static constructor.
RoslynAnalysisRunner will not be running.
RoslynAnalysisRunner has terminated.
Mono: successfully reloaded assembly
- Completed reload, in  1.019 seconds
Platform modules already initialized, skipping
========================================================================
Worker process is ready to serve import requests
Launched and connected shader compiler UnityShaderCompiler.exe after 0.06 seconds
Refreshing native plugins compatible for Editor in 0.39 ms, found 0 plugins.
Preloading 0 native plugins for Editor in 0.00 ms.
Unloading 1724 Unused Serialized files (Serialized files now loaded: 0)
System memory in use before: 77.2 MB.
System memory in use after: 77.2 MB.

Unloading 18 unused Assets to reduce memory usage. Loaded Objects now: 2163.
Total: 2.136600 ms (FindLiveObjects: 0.178900 ms CreateObjectMapping: 0.061500 ms MarkObjects: 1.804000 ms  DeleteObjects: 0.090800 ms)

========================================================================
Received Import Request.
  path: Assets/ElonMuskAssets
  artifactKey: Guid(7e088a5642e6c674db5c28437b41d2c8) Importer(815301076,1909f56bfc062723c751e8b465ee728b)
Start importing Assets/ElonMuskAssets using Guid(7e088a5642e6c674db5c28437b41d2c8) Importer(815301076,1909f56bfc062723c751e8b465ee728b)  -> (artifact id: 'cdd15cb4cfecee8ad26d17599a548b55') in 0.009237 seconds
  Import took 0.017978 seconds .

========================================================================
Received Import Request.
  Time since last request: 26.787693 seconds.
  path: Assets/XR
  artifactKey: Guid(46f4cb4d41f392946b6864f10d2d7d46) Importer(815301076,1909f56bfc062723c751e8b465ee728b)
Start importing Assets/XR using Guid(46f4cb4d41f392946b6864f10d2d7d46) Importer(815301076,1909f56bfc062723c751e8b465ee728b)  -> (artifact id: 'f4b5c4b15b6cc75dae71df93e393a272') in 0.010396 seconds
  Import took 0.015388 seconds .

========================================================================
Received Import Request.
  Time since last request: 0.848174 seconds.
  path: Assets/XR/XRGeneralSettings.asset
  artifactKey: Guid(e380b9f9276c6af4897eb4ed7b76adda) Importer(815301076,1909f56bfc062723c751e8b465ee728b)
Start importing Assets/XR/XRGeneralSettings.asset using Guid(e380b9f9276c6af4897eb4ed7b76adda) Importer(815301076,1909f56bfc062723c751e8b465ee728b)  -> (artifact id: '70bcf22caf5ba0f43ecf8c8a8ebf5fb8') in 0.098076 seconds
  Import took 0.125561 seconds .

========================================================================
Received Prepare
Registering precompiled user dll's ...
Registered in 0.002854 seconds.
Begin MonoManager ReloadAssembly
Native extension for WindowsStandalone target not found
Refreshing native plugins compatible for Editor in 0.47 ms, found 0 plugins.
Preloading 0 native plugins for Editor in 0.00 ms.
Invoked RoslynAnalysisRunner static constructor.
RoslynAnalysisRunner will not be running.
Temp/RoslynAnalysisRunner has been deleted.
RoslynAnalysisRunner has terminated.
Mono: successfully reloaded assembly
- Completed reload, in  1.325 seconds
Platform modules already initialized, skipping
Switching build target platform(5) subTarget(0) extendedPlatform(0) -> platform(13) subTarget(524288) extendedPlatform(0)
Refreshing native plugins compatible for Editor in 0.41 ms, found 0 plugins.
Preloading 0 native plugins for Editor in 0.00 ms.
Unloading 1714 Unused Serialized files (Serialized files now loaded: 0)
System memory in use before: 76.3 MB.
System memory in use after: 76.4 MB.

Unloading 12 unused Assets to reduce memory usage. Loaded Objects now: 2168.
Total: 3.441900 ms (FindLiveObjects: 0.394600 ms CreateObjectMapping: 0.168300 ms MarkObjects: 2.785300 ms  DeleteObjects: 0.091500 ms)

AssetImportParameters requested are different than current active one (requested -> active):
  custom:graphics/normal-map-encoding: 01000000000000000000000000000000 -> 02000000000000000000000000000000
AssetImportWorkerClient::OnTransportError - code=2 error=End of file
