Using pre-set license
Built from '2020.3/staging' branch; Version is '2020.3.4f1 (0abb6314276a) revision 703331'; Using compiler version '192528614'; Build Type 'Release'
OS: 'Windows 10 Home China; OS build 19042.928; Version 2009; 64bit' Language: 'zh' Physical Memory: 16269 MB
BatchMode: 1, IsHumanControllingUs: 0, StartBugReporterOnCrash: 0, Is64bit: 1, IsPro: 0

 COMMAND LINE ARGUMENTS:
D:\unityy\2020.3.4f1\Editor\Unity.exe
-adb2
-batchMode
-noUpm
-name
AssetImportWorker0
-projectPath
C:/Users/26547/Desktop/Cardiac Pacemaker
-logFile
Logs/AssetImportWorker0.log
-srvPort
50698
Successfully changed project path to: C:/Users/26547/Desktop/Cardiac Pacemaker
C:/Users/26547/Desktop/Cardiac Pacemaker
Using Asset Import Pipeline V2.
Refreshing native plugins compatible for Editor in 24.33 ms, found 0 plugins.
Preloading 0 native plugins for Editor in 0.00 ms.
Initialize engine version: 2020.3.4f1 (0abb6314276a)
[Subsystems] Discovering subsystems at path D:/unityy/2020.3.4f1/Editor/Data/Resources/UnitySubsystems
[Subsystems] Discovering subsystems at path C:/Users/26547/Desktop/Cardiac Pacemaker/Assets
GfxDevice: creating device client; threaded=0
Direct3D:
    Version:  Direct3D 11.0 [level 11.1]
    Renderer: NVIDIA GeForce GTX 1070 (ID=0x1ba1)
    Vendor:   
    VRAM:     8081 MB
    Driver:   26.21.14.4274
Initialize mono
Mono path[0] = 'D:/unityy/2020.3.4f1/Editor/Data/Managed'
Mono path[1] = 'D:/unityy/2020.3.4f1/Editor/Data/MonoBleedingEdge/lib/mono/unityjit'
Mono config path = 'D:/unityy/2020.3.4f1/Editor/Data/MonoBleedingEdge/etc'
Using monoOptions --debugger-agent=transport=dt_socket,embedding=1,server=y,suspend=n,address=127.0.0.1:56524
Begin MonoManager ReloadAssembly
Registering precompiled unity dll's ...
Register platform support module: D:/unityy/2020.3.4f1/Editor/Data/PlaybackEngines/WebGLSupport/UnityEditor.WebGL.Extensions.dll
Register platform support module: D:/unityy/2020.3.4f1/Editor/Data/PlaybackEngines/MacStandaloneSupport/UnityEditor.OSXStandalone.Extensions.dll
Register platform support module: D:/unityy/2020.3.4f1/Editor/Data/PlaybackEngines/WindowsStandaloneSupport/UnityEditor.WindowsStandalone.Extensions.dll
Register platform support module: D:/unityy/2020.3.4f1/Editor/Data/PlaybackEngines/LinuxStandaloneSupport/UnityEditor.LinuxStandalone.Extensions.dll
Register platform support module: D:/unityy/2020.3.4f1/Editor/Data/PlaybackEngines/LuminSupport/UnityEditor.Lumin.Extensions.dll
Registered in 0.002536 seconds.
Native extension for Lumin target not found
Native extension for LinuxStandalone target not found
Native extension for WindowsStandalone target not found
Native extension for OSXStandalone target not found
Native extension for WebGL target not found
Refreshing native plugins compatible for Editor in 23.43 ms, found 0 plugins.
Preloading 0 native plugins for Editor in 0.00 ms.
Mono: successfully reloaded assembly
- Completed reload, in  2.620 seconds
Platform modules already initialized, skipping
Registering precompiled user dll's ...
Registered in 0.001564 seconds.
Begin MonoManager ReloadAssembly
Native extension for Lumin target not found
Native extension for LinuxStandalone target not found
Native extension for WindowsStandalone target not found
Native extension for OSXStandalone target not found
Native extension for WebGL target not found
Refreshing native plugins compatible for Editor in 0.17 ms, found 0 plugins.
Preloading 0 native plugins for Editor in 0.00 ms.
Mono: successfully reloaded assembly
- Completed reload, in  0.918 seconds
Platform modules already initialized, skipping
========================================================================
Worker process is ready to serve import requests
Launched and connected shader compiler UnityShaderCompiler.exe after 0.06 seconds
Refreshing native plugins compatible for Editor in 0.20 ms, found 0 plugins.
Preloading 0 native plugins for Editor in 0.00 ms.
Unloading 1043 Unused Serialized files (Serialized files now loaded: 0)
System memory in use before: 55.1 MB.
System memory in use after: 55.2 MB.

Unloading 8 unused Assets to reduce memory usage. Loaded Objects now: 1487.
Total: 2.342900 ms (FindLiveObjects: 0.246700 ms CreateObjectMapping: 0.055300 ms MarkObjects: 1.922100 ms  DeleteObjects: 0.117700 ms)

========================================================================
Received Import Request.
  path: Assets/Person.prefab
  artifactKey: Guid(60bd90711256a9546aea2b2e69cd6e47) Importer(815301076,1909f56bfc062723c751e8b465ee728b)
Start importing Assets/Person.prefab using Guid(60bd90711256a9546aea2b2e69cd6e47) Importer(815301076,1909f56bfc062723c751e8b465ee728b)  -> (artifact id: '10edaf7e26cef79879582a3b690482b0') in 0.146589 seconds
  Import took 0.149009 seconds .

========================================================================
Received Import Request.
  Time since last request: 12.924928 seconds.
  path: Assets/Cardiac Pacemaker Traini.unity
  artifactKey: Guid(4e5aa2613149936438ff60deb9b0f2f8) Importer(815301076,1909f56bfc062723c751e8b465ee728b)
Start importing Assets/Cardiac Pacemaker Traini.unity using Guid(4e5aa2613149936438ff60deb9b0f2f8) Importer(815301076,1909f56bfc062723c751e8b465ee728b)  -> (artifact id: '86b263cf2bb2f01cb5370c94a28743f5') in 0.011204 seconds
  Import took 0.013400 seconds .

AssetImportWorkerClient::OnTransportError - code=2 error=End of file
